[2018-11-27 15:09:31] laravel.EMERGENCY: Unable to create configured logger. Using emergency logger. {"exception":"[object] (InvalidArgumentException(code: 0): Log [] is not defined. at C:\\Users\\HP\\Desktop\\ModuloCelulosa\\Proyecto\\vendor\\laravel\\framework\\src\\Illuminate\\Log\\LogManager.php:167)
[stacktrace]
#0 C:\\Users\\HP\\Desktop\\ModuloCelulosa\\Proyecto\\vendor\\laravel\\framework\\src\\Illuminate\\Log\\LogManager.php(101): Illuminate\\Log\\LogManager->resolve(NULL)
#1 C:\\Users\\HP\\Desktop\\ModuloCelulosa\\Proyecto\\vendor\\laravel\\framework\\src\\Illuminate\\Log\\LogManager.php(89): Illuminate\\Log\\LogManager->get(NULL)
#2 C:\\Users\\HP\\Desktop\\ModuloCelulosa\\Proyecto\\vendor\\laravel\\framework\\src\\Illuminate\\Log\\LogManager.php(490): Illuminate\\Log\\LogManager->driver()
#3 C:\\Users\\HP\\Desktop\\ModuloCelulosa\\Proyecto\\vendor\\laravel\\framework\\src\\Illuminate\\Foundation\\Exceptions\\Handler.php(114): Illuminate\\Log\\LogManager->error('Unable to load ...', Array)
#4 C:\\Users\\HP\\Desktop\\ModuloCelulosa\\Proyecto\\app\\Exceptions\\Handler.php(37): Illuminate\\Foundation\\Exceptions\\Handler->report(Object(Exception))
#5 C:\\Users\\HP\\Desktop\\ModuloCelulosa\\Proyecto\\vendor\\laravel\\framework\\src\\Illuminate\\Foundation\\Http\\Kernel.php(314): App\\Exceptions\\Handler->report(Object(Exception))
#6 C:\\Users\\HP\\Desktop\\ModuloCelulosa\\Proyecto\\vendor\\laravel\\framework\\src\\Illuminate\\Foundation\\Http\\Kernel.php(118): Illuminate\\Foundation\\Http\\Kernel->reportException(Object(Exception))
#7 C:\\Users\\HP\\Desktop\\ModuloCelulosa\\Proyecto\\public\\index.php(55): Illuminate\\Foundation\\Http\\Kernel->handle(Object(Illuminate\\Http\\Request))
#8 C:\\Users\\HP\\Desktop\\ModuloCelulosa\\Proyecto\\server.php(21): require_once('C:\\\\Users\\\\HP\\\\Des...')
#9 {main}
"} 
[2018-11-27 15:09:31] laravel.ERROR: Unable to load the "app" configuration file. {"exception":"[object] (Exception(code: 0): Unable to load the \"app\" configuration file. at C:\\Users\\HP\\Desktop\\ModuloCelulosa\\Proyecto\\vendor\\laravel\\framework\\src\\Illuminate\\Foundation\\Bootstrap\\LoadConfiguration.php:68)
[stacktrace]
#0 C:\\Users\\HP\\Desktop\\ModuloCelulosa\\Proyecto\\vendor\\laravel\\framework\\src\\Illuminate\\Foundation\\Bootstrap\\LoadConfiguration.php(39): Illuminate\\Foundation\\Bootstrap\\LoadConfiguration->loadConfigurationFiles(Object(Illuminate\\Foundation\\Application), Object(Illuminate\\Config\\Repository))
#1 C:\\Users\\HP\\Desktop\\ModuloCelulosa\\Proyecto\\vendor\\laravel\\framework\\src\\Illuminate\\Foundation\\Application.php(204): Illuminate\\Foundation\\Bootstrap\\LoadConfiguration->bootstrap(Object(Illuminate\\Foundation\\Application))
#2 C:\\Users\\HP\\Desktop\\ModuloCelulosa\\Proyecto\\vendor\\laravel\\framework\\src\\Illuminate\\Foundation\\Http\\Kernel.php(162): Illuminate\\Foundation\\Application->bootstrapWith(Array)
#3 C:\\Users\\HP\\Desktop\\ModuloCelulosa\\Proyecto\\vendor\\laravel\\framework\\src\\Illuminate\\Foundation\\Http\\Kernel.php(146): Illuminate\\Foundation\\Http\\Kernel->bootstrap()
#4 C:\\Users\\HP\\Desktop\\ModuloCelulosa\\Proyecto\\vendor\\laravel\\framework\\src\\Illuminate\\Foundation\\Http\\Kernel.php(116): Illuminate\\Foundation\\Http\\Kernel->sendRequestThroughRouter(Object(Illuminate\\Http\\Request))
#5 C:\\Users\\HP\\Desktop\\ModuloCelulosa\\Proyecto\\public\\index.php(55): Illuminate\\Foundation\\Http\\Kernel->handle(Object(Illuminate\\Http\\Request))
#6 C:\\Users\\HP\\Desktop\\ModuloCelulosa\\Proyecto\\server.php(21): require_once('C:\\\\Users\\\\HP\\\\Des...')
#7 {main}
"} 
[2018-11-27 15:09:57] laravel.EMERGENCY: Unable to create configured logger. Using emergency logger. {"exception":"[object] (InvalidArgumentException(code: 0): Log [] is not defined. at C:\\Users\\HP\\Desktop\\ModuloCelulosa\\Proyecto\\vendor\\laravel\\framework\\src\\Illuminate\\Log\\LogManager.php:167)
[stacktrace]
#0 C:\\Users\\HP\\Desktop\\ModuloCelulosa\\Proyecto\\vendor\\laravel\\framework\\src\\Illuminate\\Log\\LogManager.php(101): Illuminate\\Log\\LogManager->resolve(NULL)
#1 C:\\Users\\HP\\Desktop\\ModuloCelulosa\\Proyecto\\vendor\\laravel\\framework\\src\\Illuminate\\Log\\LogManager.php(89): Illuminate\\Log\\LogManager->get(NULL)
#2 C:\\Users\\HP\\Desktop\\ModuloCelulosa\\Proyecto\\vendor\\laravel\\framework\\src\\Illuminate\\Log\\LogManager.php(490): Illuminate\\Log\\LogManager->driver()
#3 C:\\Users\\HP\\Desktop\\ModuloCelulosa\\Proyecto\\vendor\\laravel\\framework\\src\\Illuminate\\Foundation\\Exceptions\\Handler.php(114): Illuminate\\Log\\LogManager->error('Unable to load ...', Array)
#4 C:\\Users\\HP\\Desktop\\ModuloCelulosa\\Proyecto\\app\\Exceptions\\Handler.php(37): Illuminate\\Foundation\\Exceptions\\Handler->report(Object(Exception))
#5 C:\\Users\\HP\\Desktop\\ModuloCelulosa\\Proyecto\\vendor\\laravel\\framework\\src\\Illuminate\\Foundation\\Console\\Kernel.php(353): App\\Exceptions\\Handler->report(Object(Exception))
#6 C:\\Users\\HP\\Desktop\\ModuloCelulosa\\Proyecto\\vendor\\laravel\\framework\\src\\Illuminate\\Foundation\\Console\\Kernel.php(124): Illuminate\\Foundation\\Console\\Kernel->reportException(Object(Exception))
#7 C:\\Users\\HP\\Desktop\\ModuloCelulosa\\Proyecto\\artisan(37): Illuminate\\Foundation\\Console\\Kernel->handle(Object(Symfony\\Component\\Console\\Input\\ArgvInput), Object(Symfony\\Component\\Console\\Output\\ConsoleOutput))
#8 {main}
"} 
[2018-11-27 15:09:57] laravel.ERROR: Unable to load the "app" configuration file. {"exception":"[object] (Exception(code: 0): Unable to load the \"app\" configuration file. at C:\\Users\\HP\\Desktop\\ModuloCelulosa\\Proyecto\\vendor\\laravel\\framework\\src\\Illuminate\\Foundation\\Bootstrap\\LoadConfiguration.php:68)
[stacktrace]
#0 C:\\Users\\HP\\Desktop\\ModuloCelulosa\\Proyecto\\vendor\\laravel\\framework\\src\\Illuminate\\Foundation\\Bootstrap\\LoadConfiguration.php(39): Illuminate\\Foundation\\Bootstrap\\LoadConfiguration->loadConfigurationFiles(Object(Illuminate\\Foundation\\Application), Object(Illuminate\\Config\\Repository))
#1 C:\\Users\\HP\\Desktop\\ModuloCelulosa\\Proyecto\\vendor\\laravel\\framework\\src\\Illuminate\\Foundation\\Application.php(204): Illuminate\\Foundation\\Bootstrap\\LoadConfiguration->bootstrap(Object(Illuminate\\Foundation\\Application))
#2 C:\\Users\\HP\\Desktop\\ModuloCelulosa\\Proyecto\\vendor\\laravel\\framework\\src\\Illuminate\\Foundation\\Console\\Kernel.php(297): Illuminate\\Foundation\\Application->bootstrapWith(Array)
#3 C:\\Users\\HP\\Desktop\\ModuloCelulosa\\Proyecto\\vendor\\laravel\\framework\\src\\Illuminate\\Foundation\\Console\\Kernel.php(120): Illuminate\\Foundation\\Console\\Kernel->bootstrap()
#4 C:\\Users\\HP\\Desktop\\ModuloCelulosa\\Proyecto\\artisan(37): Illuminate\\Foundation\\Console\\Kernel->handle(Object(Symfony\\Component\\Console\\Input\\ArgvInput), Object(Symfony\\Component\\Console\\Output\\ConsoleOutput))
#5 {main}
"} 
[2018-11-27 15:10:20] laravel.EMERGENCY: Unable to create configured logger. Using emergency logger. {"exception":"[object] (InvalidArgumentException(code: 0): Log [] is not defined. at C:\\Users\\HP\\Desktop\\ModuloCelulosa\\Proyecto\\vendor\\laravel\\framework\\src\\Illuminate\\Log\\LogManager.php:167)
[stacktrace]
#0 C:\\Users\\HP\\Desktop\\ModuloCelulosa\\Proyecto\\vendor\\laravel\\framework\\src\\Illuminate\\Log\\LogManager.php(101): Illuminate\\Log\\LogManager->resolve(NULL)
#1 C:\\Users\\HP\\Desktop\\ModuloCelulosa\\Proyecto\\vendor\\laravel\\framework\\src\\Illuminate\\Log\\LogManager.php(89): Illuminate\\Log\\LogManager->get(NULL)
#2 C:\\Users\\HP\\Desktop\\ModuloCelulosa\\Proyecto\\vendor\\laravel\\framework\\src\\Illuminate\\Log\\LogManager.php(490): Illuminate\\Log\\LogManager->driver()
#3 C:\\Users\\HP\\Desktop\\ModuloCelulosa\\Proyecto\\vendor\\laravel\\framework\\src\\Illuminate\\Foundation\\Exceptions\\Handler.php(114): Illuminate\\Log\\LogManager->error('Unable to load ...', Array)
#4 C:\\Users\\HP\\Desktop\\ModuloCelulosa\\Proyecto\\app\\Exceptions\\Handler.php(37): Illuminate\\Foundation\\Exceptions\\Handler->report(Object(Exception))
#5 C:\\Users\\HP\\Desktop\\ModuloCelulosa\\Proyecto\\vendor\\laravel\\framework\\src\\Illuminate\\Foundation\\Console\\Kernel.php(353): App\\Exceptions\\Handler->report(Object(Exception))
#6 C:\\Users\\HP\\Desktop\\ModuloCelulosa\\Proyecto\\vendor\\laravel\\framework\\src\\Illuminate\\Foundation\\Console\\Kernel.php(124): Illuminate\\Foundation\\Console\\Kernel->reportException(Object(Exception))
#7 C:\\Users\\HP\\Desktop\\ModuloCelulosa\\Proyecto\\artisan(37): Illuminate\\Foundation\\Console\\Kernel->handle(Object(Symfony\\Component\\Console\\Input\\ArgvInput), Object(Symfony\\Component\\Console\\Output\\ConsoleOutput))
#8 {main}
"} 
[2018-11-27 15:10:20] laravel.ERROR: Unable to load the "app" configuration file. {"exception":"[object] (Exception(code: 0): Unable to load the \"app\" configuration file. at C:\\Users\\HP\\Desktop\\ModuloCelulosa\\Proyecto\\vendor\\laravel\\framework\\src\\Illuminate\\Foundation\\Bootstrap\\LoadConfiguration.php:68)
[stacktrace]
#0 C:\\Users\\HP\\Desktop\\ModuloCelulosa\\Proyecto\\vendor\\laravel\\framework\\src\\Illuminate\\Foundation\\Bootstrap\\LoadConfiguration.php(39): Illuminate\\Foundation\\Bootstrap\\LoadConfiguration->loadConfigurationFiles(Object(Illuminate\\Foundation\\Application), Object(Illuminate\\Config\\Repository))
#1 C:\\Users\\HP\\Desktop\\ModuloCelulosa\\Proyecto\\vendor\\laravel\\framework\\src\\Illuminate\\Foundation\\Application.php(204): Illuminate\\Foundation\\Bootstrap\\LoadConfiguration->bootstrap(Object(Illuminate\\Foundation\\Application))
#2 C:\\Users\\HP\\Desktop\\ModuloCelulosa\\Proyecto\\vendor\\laravel\\framework\\src\\Illuminate\\Foundation\\Console\\Kernel.php(297): Illuminate\\Foundation\\Application->bootstrapWith(Array)
#3 C:\\Users\\HP\\Desktop\\ModuloCelulosa\\Proyecto\\vendor\\laravel\\framework\\src\\Illuminate\\Foundation\\Console\\Kernel.php(120): Illuminate\\Foundation\\Console\\Kernel->bootstrap()
#4 C:\\Users\\HP\\Desktop\\ModuloCelulosa\\Proyecto\\artisan(37): Illuminate\\Foundation\\Console\\Kernel->handle(Object(Symfony\\Component\\Console\\Input\\ArgvInput), Object(Symfony\\Component\\Console\\Output\\ConsoleOutput))
#5 {main}
"} 
[2018-11-27 15:11:54] laravel.EMERGENCY: Unable to create configured logger. Using emergency logger. {"exception":"[object] (InvalidArgumentException(code: 0): Log [] is not defined. at C:\\Users\\HP\\Desktop\\ModuloCelulosa\\Proyecto\\vendor\\laravel\\framework\\src\\Illuminate\\Log\\LogManager.php:167)
[stacktrace]
#0 C:\\Users\\HP\\Desktop\\ModuloCelulosa\\Proyecto\\vendor\\laravel\\framework\\src\\Illuminate\\Log\\LogManager.php(101): Illuminate\\Log\\LogManager->resolve(NULL)
#1 C:\\Users\\HP\\Desktop\\ModuloCelulosa\\Proyecto\\vendor\\laravel\\framework\\src\\Illuminate\\Log\\LogManager.php(89): Illuminate\\Log\\LogManager->get(NULL)
#2 C:\\Users\\HP\\Desktop\\ModuloCelulosa\\Proyecto\\vendor\\laravel\\framework\\src\\Illuminate\\Log\\LogManager.php(490): Illuminate\\Log\\LogManager->driver()
#3 C:\\Users\\HP\\Desktop\\ModuloCelulosa\\Proyecto\\vendor\\laravel\\framework\\src\\Illuminate\\Foundation\\Exceptions\\Handler.php(114): Illuminate\\Log\\LogManager->error('Unable to load ...', Array)
#4 C:\\Users\\HP\\Desktop\\ModuloCelulosa\\Proyecto\\app\\Exceptions\\Handler.php(37): Illuminate\\Foundation\\Exceptions\\Handler->report(Object(Exception))
#5 C:\\Users\\HP\\Desktop\\ModuloCelulosa\\Proyecto\\vendor\\laravel\\framework\\src\\Illuminate\\Foundation\\Console\\Kernel.php(353): App\\Exceptions\\Handler->report(Object(Exception))
#6 C:\\Users\\HP\\Desktop\\ModuloCelulosa\\Proyecto\\vendor\\laravel\\framework\\src\\Illuminate\\Foundation\\Console\\Kernel.php(124): Illuminate\\Foundation\\Console\\Kernel->reportException(Object(Exception))
#7 C:\\Users\\HP\\Desktop\\ModuloCelulosa\\Proyecto\\artisan(37): Illuminate\\Foundation\\Console\\Kernel->handle(Object(Symfony\\Component\\Console\\Input\\ArgvInput), Object(Symfony\\Component\\Console\\Output\\ConsoleOutput))
#8 {main}
"} 
[2018-11-27 15:11:54] laravel.ERROR: Unable to load the "app" configuration file. {"exception":"[object] (Exception(code: 0): Unable to load the \"app\" configuration file. at C:\\Users\\HP\\Desktop\\ModuloCelulosa\\Proyecto\\vendor\\laravel\\framework\\src\\Illuminate\\Foundation\\Bootstrap\\LoadConfiguration.php:68)
[stacktrace]
#0 C:\\Users\\HP\\Desktop\\ModuloCelulosa\\Proyecto\\vendor\\laravel\\framework\\src\\Illuminate\\Foundation\\Bootstrap\\LoadConfiguration.php(39): Illuminate\\Foundation\\Bootstrap\\LoadConfiguration->loadConfigurationFiles(Object(Illuminate\\Foundation\\Application), Object(Illuminate\\Config\\Repository))
#1 C:\\Users\\HP\\Desktop\\ModuloCelulosa\\Proyecto\\vendor\\laravel\\framework\\src\\Illuminate\\Foundation\\Application.php(204): Illuminate\\Foundation\\Bootstrap\\LoadConfiguration->bootstrap(Object(Illuminate\\Foundation\\Application))
#2 C:\\Users\\HP\\Desktop\\ModuloCelulosa\\Proyecto\\vendor\\laravel\\framework\\src\\Illuminate\\Foundation\\Console\\Kernel.php(297): Illuminate\\Foundation\\Application->bootstrapWith(Array)
#3 C:\\Users\\HP\\Desktop\\ModuloCelulosa\\Proyecto\\vendor\\laravel\\framework\\src\\Illuminate\\Foundation\\Console\\Kernel.php(120): Illuminate\\Foundation\\Console\\Kernel->bootstrap()
#4 C:\\Users\\HP\\Desktop\\ModuloCelulosa\\Proyecto\\artisan(37): Illuminate\\Foundation\\Console\\Kernel->handle(Object(Symfony\\Component\\Console\\Input\\ArgvInput), Object(Symfony\\Component\\Console\\Output\\ConsoleOutput))
#5 {main}
"} 
[2018-11-27 15:13:58] laravel.EMERGENCY: Unable to create configured logger. Using emergency logger. {"exception":"[object] (InvalidArgumentException(code: 0): Log [] is not defined. at C:\\Users\\HP\\Desktop\\ModuloCelulosa\\Proyecto\\vendor\\laravel\\framework\\src\\Illuminate\\Log\\LogManager.php:167)
[stacktrace]
#0 C:\\Users\\HP\\Desktop\\ModuloCelulosa\\Proyecto\\vendor\\laravel\\framework\\src\\Illuminate\\Log\\LogManager.php(101): Illuminate\\Log\\LogManager->resolve(NULL)
#1 C:\\Users\\HP\\Desktop\\ModuloCelulosa\\Proyecto\\vendor\\laravel\\framework\\src\\Illuminate\\Log\\LogManager.php(89): Illuminate\\Log\\LogManager->get(NULL)
#2 C:\\Users\\HP\\Desktop\\ModuloCelulosa\\Proyecto\\vendor\\laravel\\framework\\src\\Illuminate\\Log\\LogManager.php(490): Illuminate\\Log\\LogManager->driver()
#3 C:\\Users\\HP\\Desktop\\ModuloCelulosa\\Proyecto\\vendor\\laravel\\framework\\src\\Illuminate\\Foundation\\Exceptions\\Handler.php(114): Illuminate\\Log\\LogManager->error('Unable to load ...', Array)
#4 C:\\Users\\HP\\Desktop\\ModuloCelulosa\\Proyecto\\app\\Exceptions\\Handler.php(37): Illuminate\\Foundation\\Exceptions\\Handler->report(Object(Exception))
#5 C:\\Users\\HP\\Desktop\\ModuloCelulosa\\Proyecto\\vendor\\laravel\\framework\\src\\Illuminate\\Foundation\\Console\\Kernel.php(353): App\\Exceptions\\Handler->report(Object(Exception))
#6 C:\\Users\\HP\\Desktop\\ModuloCelulosa\\Proyecto\\vendor\\laravel\\framework\\src\\Illuminate\\Foundation\\Console\\Kernel.php(124): Illuminate\\Foundation\\Console\\Kernel->reportException(Object(Exception))
#7 C:\\Users\\HP\\Desktop\\ModuloCelulosa\\Proyecto\\artisan(37): Illuminate\\Foundation\\Console\\Kernel->handle(Object(Symfony\\Component\\Console\\Input\\ArgvInput), Object(Symfony\\Component\\Console\\Output\\ConsoleOutput))
#8 {main}
"} 
[2018-11-27 15:13:58] laravel.ERROR: Unable to load the "app" configuration file. {"exception":"[object] (Exception(code: 0): Unable to load the \"app\" configuration file. at C:\\Users\\HP\\Desktop\\ModuloCelulosa\\Proyecto\\vendor\\laravel\\framework\\src\\Illuminate\\Foundation\\Bootstrap\\LoadConfiguration.php:68)
[stacktrace]
#0 C:\\Users\\HP\\Desktop\\ModuloCelulosa\\Proyecto\\vendor\\laravel\\framework\\src\\Illuminate\\Foundation\\Bootstrap\\LoadConfiguration.php(39): Illuminate\\Foundation\\Bootstrap\\LoadConfiguration->loadConfigurationFiles(Object(Illuminate\\Foundation\\Application), Object(Illuminate\\Config\\Repository))
#1 C:\\Users\\HP\\Desktop\\ModuloCelulosa\\Proyecto\\vendor\\laravel\\framework\\src\\Illuminate\\Foundation\\Application.php(204): Illuminate\\Foundation\\Bootstrap\\LoadConfiguration->bootstrap(Object(Illuminate\\Foundation\\Application))
#2 C:\\Users\\HP\\Desktop\\ModuloCelulosa\\Proyecto\\vendor\\laravel\\framework\\src\\Illuminate\\Foundation\\Console\\Kernel.php(297): Illuminate\\Foundation\\Application->bootstrapWith(Array)
#3 C:\\Users\\HP\\Desktop\\ModuloCelulosa\\Proyecto\\vendor\\laravel\\framework\\src\\Illuminate\\Foundation\\Console\\Kernel.php(120): Illuminate\\Foundation\\Console\\Kernel->bootstrap()
#4 C:\\Users\\HP\\Desktop\\ModuloCelulosa\\Proyecto\\artisan(37): Illuminate\\Foundation\\Console\\Kernel->handle(Object(Symfony\\Component\\Console\\Input\\ArgvInput), Object(Symfony\\Component\\Console\\Output\\ConsoleOutput))
#5 {main}
"} 
[2018-11-27 15:14:40] laravel.EMERGENCY: Unable to create configured logger. Using emergency logger. {"exception":"[object] (InvalidArgumentException(code: 0): Log [] is not defined. at C:\\Users\\HP\\Desktop\\ModuloCelulosa\\Proyecto\\vendor\\laravel\\framework\\src\\Illuminate\\Log\\LogManager.php:167)
[stacktrace]
#0 C:\\Users\\HP\\Desktop\\ModuloCelulosa\\Proyecto\\vendor\\laravel\\framework\\src\\Illuminate\\Log\\LogManager.php(101): Illuminate\\Log\\LogManager->resolve(NULL)
#1 C:\\Users\\HP\\Desktop\\ModuloCelulosa\\Proyecto\\vendor\\laravel\\framework\\src\\Illuminate\\Log\\LogManager.php(89): Illuminate\\Log\\LogManager->get(NULL)
#2 C:\\Users\\HP\\Desktop\\ModuloCelulosa\\Proyecto\\vendor\\laravel\\framework\\src\\Illuminate\\Log\\LogManager.php(490): Illuminate\\Log\\LogManager->driver()
#3 C:\\Users\\HP\\Desktop\\ModuloCelulosa\\Proyecto\\vendor\\laravel\\framework\\src\\Illuminate\\Foundation\\Exceptions\\Handler.php(114): Illuminate\\Log\\LogManager->error('Unable to load ...', Array)
#4 C:\\Users\\HP\\Desktop\\ModuloCelulosa\\Proyecto\\app\\Exceptions\\Handler.php(37): Illuminate\\Foundation\\Exceptions\\Handler->report(Object(Exception))
#5 C:\\Users\\HP\\Desktop\\ModuloCelulosa\\Proyecto\\vendor\\laravel\\framework\\src\\Illuminate\\Foundation\\Console\\Kernel.php(353): App\\Exceptions\\Handler->report(Object(Exception))
#6 C:\\Users\\HP\\Desktop\\ModuloCelulosa\\Proyecto\\vendor\\laravel\\framework\\src\\Illuminate\\Foundation\\Console\\Kernel.php(124): Illuminate\\Foundation\\Console\\Kernel->reportException(Object(Exception))
#7 C:\\Users\\HP\\Desktop\\ModuloCelulosa\\Proyecto\\artisan(37): Illuminate\\Foundation\\Console\\Kernel->handle(Object(Symfony\\Component\\Console\\Input\\ArgvInput), Object(Symfony\\Component\\Console\\Output\\ConsoleOutput))
#8 {main}
"} 
[2018-11-27 15:14:40] laravel.ERROR: Unable to load the "app" configuration file. {"exception":"[object] (Exception(code: 0): Unable to load the \"app\" configuration file. at C:\\Users\\HP\\Desktop\\ModuloCelulosa\\Proyecto\\vendor\\laravel\\framework\\src\\Illuminate\\Foundation\\Bootstrap\\LoadConfiguration.php:68)
[stacktrace]
#0 C:\\Users\\HP\\Desktop\\ModuloCelulosa\\Proyecto\\vendor\\laravel\\framework\\src\\Illuminate\\Foundation\\Bootstrap\\LoadConfiguration.php(39): Illuminate\\Foundation\\Bootstrap\\LoadConfiguration->loadConfigurationFiles(Object(Illuminate\\Foundation\\Application), Object(Illuminate\\Config\\Repository))
#1 C:\\Users\\HP\\Desktop\\ModuloCelulosa\\Proyecto\\vendor\\laravel\\framework\\src\\Illuminate\\Foundation\\Application.php(204): Illuminate\\Foundation\\Bootstrap\\LoadConfiguration->bootstrap(Object(Illuminate\\Foundation\\Application))
#2 C:\\Users\\HP\\Desktop\\ModuloCelulosa\\Proyecto\\vendor\\laravel\\framework\\src\\Illuminate\\Foundation\\Console\\Kernel.php(297): Illuminate\\Foundation\\Application->bootstrapWith(Array)
#3 C:\\Users\\HP\\Desktop\\ModuloCelulosa\\Proyecto\\vendor\\laravel\\framework\\src\\Illuminate\\Foundation\\Console\\Kernel.php(120): Illuminate\\Foundation\\Console\\Kernel->bootstrap()
#4 C:\\Users\\HP\\Desktop\\ModuloCelulosa\\Proyecto\\artisan(37): Illuminate\\Foundation\\Console\\Kernel->handle(Object(Symfony\\Component\\Console\\Input\\ArgvInput), Object(Symfony\\Component\\Console\\Output\\ConsoleOutput))
#5 {main}
"} 
[2018-11-27 15:15:42] laravel.EMERGENCY: Unable to create configured logger. Using emergency logger. {"exception":"[object] (InvalidArgumentException(code: 0): Log [] is not defined. at C:\\Users\\HP\\Desktop\\ModuloCelulosa\\Proyecto\\vendor\\laravel\\framework\\src\\Illuminate\\Log\\LogManager.php:167)
[stacktrace]
#0 C:\\Users\\HP\\Desktop\\ModuloCelulosa\\Proyecto\\vendor\\laravel\\framework\\src\\Illuminate\\Log\\LogManager.php(101): Illuminate\\Log\\LogManager->resolve(NULL)
#1 C:\\Users\\HP\\Desktop\\ModuloCelulosa\\Proyecto\\vendor\\laravel\\framework\\src\\Illuminate\\Log\\LogManager.php(89): Illuminate\\Log\\LogManager->get(NULL)
#2 C:\\Users\\HP\\Desktop\\ModuloCelulosa\\Proyecto\\vendor\\laravel\\framework\\src\\Illuminate\\Log\\LogManager.php(490): Illuminate\\Log\\LogManager->driver()
#3 C:\\Users\\HP\\Desktop\\ModuloCelulosa\\Proyecto\\vendor\\laravel\\framework\\src\\Illuminate\\Foundation\\Exceptions\\Handler.php(114): Illuminate\\Log\\LogManager->error('Unable to load ...', Array)
#4 C:\\Users\\HP\\Desktop\\ModuloCelulosa\\Proyecto\\app\\Exceptions\\Handler.php(37): Illuminate\\Foundation\\Exceptions\\Handler->report(Object(Exception))
#5 C:\\Users\\HP\\Desktop\\ModuloCelulosa\\Proyecto\\vendor\\laravel\\framework\\src\\Illuminate\\Foundation\\Console\\Kernel.php(353): App\\Exceptions\\Handler->report(Object(Exception))
#6 C:\\Users\\HP\\Desktop\\ModuloCelulosa\\Proyecto\\vendor\\laravel\\framework\\src\\Illuminate\\Foundation\\Console\\Kernel.php(124): Illuminate\\Foundation\\Console\\Kernel->reportException(Object(Exception))
#7 C:\\Users\\HP\\Desktop\\ModuloCelulosa\\Proyecto\\artisan(37): Illuminate\\Foundation\\Console\\Kernel->handle(Object(Symfony\\Component\\Console\\Input\\ArgvInput), Object(Symfony\\Component\\Console\\Output\\ConsoleOutput))
#8 {main}
"} 
[2018-11-27 15:15:42] laravel.ERROR: Unable to load the "app" configuration file. {"exception":"[object] (Exception(code: 0): Unable to load the \"app\" configuration file. at C:\\Users\\HP\\Desktop\\ModuloCelulosa\\Proyecto\\vendor\\laravel\\framework\\src\\Illuminate\\Foundation\\Bootstrap\\LoadConfiguration.php:68)
[stacktrace]
#0 C:\\Users\\HP\\Desktop\\ModuloCelulosa\\Proyecto\\vendor\\laravel\\framework\\src\\Illuminate\\Foundation\\Bootstrap\\LoadConfiguration.php(39): Illuminate\\Foundation\\Bootstrap\\LoadConfiguration->loadConfigurationFiles(Object(Illuminate\\Foundation\\Application), Object(Illuminate\\Config\\Repository))
#1 C:\\Users\\HP\\Desktop\\ModuloCelulosa\\Proyecto\\vendor\\laravel\\framework\\src\\Illuminate\\Foundation\\Application.php(204): Illuminate\\Foundation\\Bootstrap\\LoadConfiguration->bootstrap(Object(Illuminate\\Foundation\\Application))
#2 C:\\Users\\HP\\Desktop\\ModuloCelulosa\\Proyecto\\vendor\\laravel\\framework\\src\\Illuminate\\Foundation\\Console\\Kernel.php(297): Illuminate\\Foundation\\Application->bootstrapWith(Array)
#3 C:\\Users\\HP\\Desktop\\ModuloCelulosa\\Proyecto\\vendor\\laravel\\framework\\src\\Illuminate\\Foundation\\Console\\Kernel.php(120): Illuminate\\Foundation\\Console\\Kernel->bootstrap()
#4 C:\\Users\\HP\\Desktop\\ModuloCelulosa\\Proyecto\\artisan(37): Illuminate\\Foundation\\Console\\Kernel->handle(Object(Symfony\\Component\\Console\\Input\\ArgvInput), Object(Symfony\\Component\\Console\\Output\\ConsoleOutput))
#5 {main}
"} 
[2018-11-27 15:16:06] laravel.EMERGENCY: Unable to create configured logger. Using emergency logger. {"exception":"[object] (InvalidArgumentException(code: 0): Log [] is not defined. at C:\\Users\\HP\\Desktop\\ModuloCelulosa\\Proyecto\\vendor\\laravel\\framework\\src\\Illuminate\\Log\\LogManager.php:167)
[stacktrace]
#0 C:\\Users\\HP\\Desktop\\ModuloCelulosa\\Proyecto\\vendor\\laravel\\framework\\src\\Illuminate\\Log\\LogManager.php(101): Illuminate\\Log\\LogManager->resolve(NULL)
#1 C:\\Users\\HP\\Desktop\\ModuloCelulosa\\Proyecto\\vendor\\laravel\\framework\\src\\Illuminate\\Log\\LogManager.php(89): Illuminate\\Log\\LogManager->get(NULL)
#2 C:\\Users\\HP\\Desktop\\ModuloCelulosa\\Proyecto\\vendor\\laravel\\framework\\src\\Illuminate\\Log\\LogManager.php(490): Illuminate\\Log\\LogManager->driver()
#3 C:\\Users\\HP\\Desktop\\ModuloCelulosa\\Proyecto\\vendor\\laravel\\framework\\src\\Illuminate\\Foundation\\Exceptions\\Handler.php(114): Illuminate\\Log\\LogManager->error('Unable to load ...', Array)
#4 C:\\Users\\HP\\Desktop\\ModuloCelulosa\\Proyecto\\app\\Exceptions\\Handler.php(37): Illuminate\\Foundation\\Exceptions\\Handler->report(Object(Exception))
#5 C:\\Users\\HP\\Desktop\\ModuloCelulosa\\Proyecto\\vendor\\laravel\\framework\\src\\Illuminate\\Foundation\\Console\\Kernel.php(353): App\\Exceptions\\Handler->report(Object(Exception))
#6 C:\\Users\\HP\\Desktop\\ModuloCelulosa\\Proyecto\\vendor\\laravel\\framework\\src\\Illuminate\\Foundation\\Console\\Kernel.php(124): Illuminate\\Foundation\\Console\\Kernel->reportException(Object(Exception))
#7 C:\\Users\\HP\\Desktop\\ModuloCelulosa\\Proyecto\\artisan(37): Illuminate\\Foundation\\Console\\Kernel->handle(Object(Symfony\\Component\\Console\\Input\\ArgvInput), Object(Symfony\\Component\\Console\\Output\\ConsoleOutput))
#8 {main}
"} 
[2018-11-27 15:16:06] laravel.ERROR: Unable to load the "app" configuration file. {"exception":"[object] (Exception(code: 0): Unable to load the \"app\" configuration file. at C:\\Users\\HP\\Desktop\\ModuloCelulosa\\Proyecto\\vendor\\laravel\\framework\\src\\Illuminate\\Foundation\\Bootstrap\\LoadConfiguration.php:68)
[stacktrace]
#0 C:\\Users\\HP\\Desktop\\ModuloCelulosa\\Proyecto\\vendor\\laravel\\framework\\src\\Illuminate\\Foundation\\Bootstrap\\LoadConfiguration.php(39): Illuminate\\Foundation\\Bootstrap\\LoadConfiguration->loadConfigurationFiles(Object(Illuminate\\Foundation\\Application), Object(Illuminate\\Config\\Repository))
#1 C:\\Users\\HP\\Desktop\\ModuloCelulosa\\Proyecto\\vendor\\laravel\\framework\\src\\Illuminate\\Foundation\\Application.php(204): Illuminate\\Foundation\\Bootstrap\\LoadConfiguration->bootstrap(Object(Illuminate\\Foundation\\Application))
#2 C:\\Users\\HP\\Desktop\\ModuloCelulosa\\Proyecto\\vendor\\laravel\\framework\\src\\Illuminate\\Foundation\\Console\\Kernel.php(297): Illuminate\\Foundation\\Application->bootstrapWith(Array)
#3 C:\\Users\\HP\\Desktop\\ModuloCelulosa\\Proyecto\\vendor\\laravel\\framework\\src\\Illuminate\\Foundation\\Console\\Kernel.php(120): Illuminate\\Foundation\\Console\\Kernel->bootstrap()
#4 C:\\Users\\HP\\Desktop\\ModuloCelulosa\\Proyecto\\artisan(37): Illuminate\\Foundation\\Console\\Kernel->handle(Object(Symfony\\Component\\Console\\Input\\ArgvInput), Object(Symfony\\Component\\Console\\Output\\ConsoleOutput))
#5 {main}
"} 
